[INFO ] 2021-07-10 14:39:01.800 [Test worker] LogClass - This test is start
[INFO ] 2021-07-10 14:39:01.925 [Test worker] LogClass - launching the browser
[INFO ] 2021-07-10 14:40:04.968 [Test worker] LogClass - This is navigating the url
[INFO ] 2021-07-10 14:40:16.512 [Test worker] LogClass - sending email using sendkeys
[INFO ] 2021-07-10 14:40:18.232 [Test worker] LogClass - sending password using sendkeys
[INFO ] 2021-07-10 14:40:18.924 [Test worker] LogClass - clicking on loginBtn for logging into application
[INFO ] 2021-07-10 14:40:20.880 [Test worker] LogClass - getting Title
[INFO ] 2021-07-10 14:41:37.866 [Test worker] LogClass - This test is start
[INFO ] 2021-07-10 14:41:37.897 [Test worker] LogClass - launching the browser
[INFO ] 2021-07-10 14:41:53.714 [Test worker] LogClass - This is navigating the url
[INFO ] 2021-07-10 14:42:02.941 [Test worker] LogClass - sending email using sendkeys
[INFO ] 2021-07-10 14:42:03.482 [Test worker] LogClass - sending password using sendkeys
[INFO ] 2021-07-10 14:42:03.856 [Test worker] LogClass - clicking on loginBtn for logging into application
[INFO ] 2021-07-10 14:42:04.433 [Test worker] LogClass - getting Title
[INFO ] 2021-07-10 14:45:21.965 [Test worker] LogClass - This test is start
[INFO ] 2021-07-10 14:45:22.027 [Test worker] LogClass - launching the browser
[INFO ] 2021-07-10 14:45:39.187 [Test worker] LogClass - This is navigating the url
[INFO ] 2021-07-10 14:45:49.597 [Test worker] LogClass - sending email using sendkeys
[INFO ] 2021-07-10 14:45:50.662 [Test worker] LogClass - sending password using sendkeys
[INFO ] 2021-07-10 14:45:51.163 [Test worker] LogClass - clicking on loginBtn for logging into application
[INFO ] 2021-07-10 14:45:51.993 [Test worker] LogClass - getting Title
[INFO ] 2021-07-10 14:46:05.119 [Test worker] LogClass - loginTo_Application_with_valid_credentials:take success screenshot in Ilistner method
[INFO ] 2021-07-10 14:47:15.498 [Test worker] LogClass - This test is start
[INFO ] 2021-07-10 14:47:15.560 [Test worker] LogClass - launching the browser
[INFO ] 2021-07-10 14:47:34.347 [Test worker] LogClass - This is navigating the url
[INFO ] 2021-07-10 14:47:43.453 [Test worker] LogClass - sending email using sendkeys
[INFO ] 2021-07-10 14:47:43.845 [Test worker] LogClass - sending password using sendkeys
[INFO ] 2021-07-10 14:47:44.189 [Test worker] LogClass - clicking on loginBtn for logging into application
[INFO ] 2021-07-10 14:47:44.791 [Test worker] LogClass - getting Title
[INFO ] 2021-07-10 14:47:57.813 [Test worker] LogClass - loginTo_Application_with_valid_credentials:take success screenshot in Ilistner method
[INFO ] 2021-07-10 14:48:23.873 [Test worker] LogClass - This test is start
[INFO ] 2021-07-10 14:48:23.904 [Test worker] LogClass - launching the browser
[INFO ] 2021-07-10 14:48:44.388 [Test worker] LogClass - This is navigating the url
[INFO ] 2021-07-10 14:48:55.949 [Test worker] LogClass - sending email using sendkeys
[INFO ] 2021-07-10 14:48:57.939 [Test worker] LogClass - sending password using sendkeys
[INFO ] 2021-07-10 14:48:58.697 [Test worker] LogClass - clicking on loginBtn for logging into application
[INFO ] 2021-07-10 14:49:00.492 [Test worker] LogClass - getting Title
[INFO ] 2021-07-10 14:49:20.365 [Test worker] LogClass - loginTo_Application_with_valid_credentials:take success screenshot in Ilistner method
[INFO ] 2021-07-10 17:01:54.290 [Test worker] LogClass - This test is start
[INFO ] 2021-07-10 17:01:54.377 [Test worker] LogClass - launching the browser
[INFO ] 2021-07-10 17:02:20.894 [Test worker] LogClass - This is navigating the url
[INFO ] 2021-07-10 17:02:32.265 [Test worker] LogClass - sending email using sendkeys
[INFO ] 2021-07-10 17:02:34.966 [Test worker] LogClass - sending password using sendkeys
[INFO ] 2021-07-10 17:02:35.779 [Test worker] LogClass - clicking on loginBtn for logging into application
[INFO ] 2021-07-10 17:02:36.579 [Test worker] LogClass - getting Title
[INFO ] 2021-07-10 17:02:48.805 [Test worker] LogClass - loginTo_Application_with_valid_credentials:take success screenshot in Ilistner method
[INFO ] 2021-07-10 17:14:14.851 [Test worker] LogClass - This test is start
[INFO ] 2021-07-10 17:14:14.944 [Test worker] LogClass - launching the browser
[INFO ] 2021-07-10 17:14:27.555 [Test worker] LogClass - This is navigating the url
[INFO ] 2021-07-10 17:14:34.700 [Test worker] LogClass - sending email using sendkeys
[INFO ] 2021-07-10 17:14:35.122 [Test worker] LogClass - sending password using sendkeys
[INFO ] 2021-07-10 17:14:35.494 [Test worker] LogClass - clicking on loginBtn for logging into application
[INFO ] 2021-07-10 17:14:36.135 [Test worker] LogClass - getting Title
[INFO ] 2021-07-10 17:14:49.707 [Test worker] LogClass - loginTo_Application_with_valid_credentials:take success screenshot in Ilistner method
[INFO ] 2021-07-10 17:20:25.404 [Test worker] LogClass - This test is start
[INFO ] 2021-07-10 17:20:25.501 [Test worker] LogClass - launching the browser
[INFO ] 2021-07-10 17:20:39.734 [Test worker] LogClass - This is navigating the url
[INFO ] 2021-07-10 17:20:57.908 [Test worker] LogClass - sending email using sendkeys
[INFO ] 2021-07-10 17:21:00.576 [Test worker] LogClass - sending password using sendkeys
[INFO ] 2021-07-10 17:21:01.302 [Test worker] LogClass - clicking on loginBtn for logging into application
[INFO ] 2021-07-10 17:21:03.014 [Test worker] LogClass - getting Title
[INFO ] 2021-07-10 17:21:12.639 [Test worker] LogClass - loginTo_Application_with_valid_credentials:take success screenshot in Ilistner method
[INFO ] 2021-07-10 17:29:56.775 [Test worker] LogClass - This test is start
[INFO ] 2021-07-10 17:29:56.880 [Test worker] LogClass - launching the browser
[INFO ] 2021-07-10 17:30:08.345 [Test worker] LogClass - This is navigating the url
[INFO ] 2021-07-10 17:30:16.680 [Test worker] LogClass - sending email using sendkeys
[INFO ] 2021-07-10 17:30:18.755 [Test worker] LogClass - sending password using sendkeys
[INFO ] 2021-07-10 17:30:19.415 [Test worker] LogClass - clicking on loginBtn for logging into application
[INFO ] 2021-07-10 17:30:20.048 [Test worker] LogClass - getting Title
[INFO ] 2021-07-10 17:30:28.991 [Test worker] LogClass - loginTo_Application_with_valid_credentials:take success screenshot in Ilistner method
